"../../../../../Unreaal Projects/GuardianOfTowers/Content/Environment/Enemy/EnemyCube/cube_model1/untitled_0.uasset" 0
"../../../../../Unreaal Projects/GuardianOfTowers/Content/Environment/Enemy/EnemySphere/sphere1/sphere2.uasset" 1
"../../../../../Unreaal Projects/GuardianOfTowers/Content/Environment/Font/Geo/Geo-Italic.uasset" 2
"../../../../../Unreaal Projects/GuardianOfTowers/Content/Environment/Font/Geo/Geo-Italic_Font.uasset" 3
"../../../Engine/Content/EngineMaterials/T_Default_MacroVariation.uasset" 4
"../../../Engine/Content/EngineMaterials/T_Default_Material_Grid_M.uasset" 5
"../../../Engine/Content/EngineMaterials/T_Default_Material_Grid_N.uasset" 6
"../../../../../Unreaal Projects/GuardianOfTowers/Content/Environment/Materials/M_Cube.uasset" 7
"../../../../../Unreaal Projects/GuardianOfTowers/Content/Environment/Materials/M_Cube_Inst.uasset" 8
"../../../../../Unreaal Projects/GuardianOfTowers/Content/Environment/Materials/M_Cube_Inst_Inst1.uasset" 9
"../../../../../Unreaal Projects/GuardianOfTowers/Content/FirstPerson/Audio/FirstPersonTemplateWeaponFire02.uasset" 10
"../../../../../Unreaal Projects/GuardianOfTowers/Content/FirstPerson/Character/Textures/UE4_LOGO_CARD.uasset" 11
"../../../../../Unreaal Projects/GuardianOfTowers/Content/FirstPerson/FPWeapon/Materials/MaterialLayers/ML_Plastic_Shiny_Beige_LOGO.uasset" 12
"../../../../../Unreaal Projects/GuardianOfTowers/Content/FirstPerson/FPWeapon/Materials/MaterialLayers/T_ML_FineRubber.uasset" 13
"../../../../../Unreaal Projects/GuardianOfTowers/Content/FirstPerson/FPWeapon/Mesh/SK_FPGun_PhysicsAsset.uasset" 14
"../../../../../Unreaal Projects/GuardianOfTowers/Content/FirstPerson/Meshes/BaseMaterial.uasset" 15
"../../../../../Unreaal Projects/GuardianOfTowers/Content/FirstPerson/Meshes/CubeMaterialOverride.uasset" 16
"../../../../../Unreaal Projects/GuardianOfTowers/Content/FirstPerson/Meshes/FirstPersonProjectileMaterial.uasset" 17
"../../../../../Unreaal Projects/GuardianOfTowers/Content/FirstPerson/Meshes/FirstPersonProjectileMesh.uasset" 18
"../../../../../Unreaal Projects/GuardianOfTowers/Content/FirstPerson/Textures/FirstPersonCrosshair.uasset" 19
"../../../../../Unreaal Projects/GuardianOfTowers/Content/Geometry/Meshes/CubeMaterial.uasset" 20
"../../../../../Unreaal Projects/GuardianOfTowers/Content/Geometry/Meshes/1M_Cube_Chamfer.uasset" 21
"../../../../../Unreaal Projects/GuardianOfTowers/Content/Geometry/Meshes/TemplateFloor.uasset" 22
"../../../../../Unreaal Projects/GuardianOfTowers/Content/Sounds/Gameplay/Bot_Explosion.uasset" 23
"../../../../../Unreaal Projects/GuardianOfTowers/Content/Sounds/Gameplay/Bot_Explosion_Cue.uasset" 24
"../../../../../Unreaal Projects/GuardianOfTowers/Content/Sounds/Gameplay/Jump.uasset" 25
"../../../../../Unreaal Projects/GuardianOfTowers/Content/Sounds/Gameplay/Jump_Cue.uasset" 26
"../../../../../Unreaal Projects/GuardianOfTowers/Content/FirstPerson/Character/Mesh/SK_Mannequin_Arms_Skeleton.uasset" 27
"../../../../../Unreaal Projects/GuardianOfTowers/Content/FirstPerson/Animations/FirstPerson_Idle.uasset" 28
"../../../../../Unreaal Projects/GuardianOfTowers/Content/FirstPerson/Animations/FirstPerson_JumpEnd.uasset" 29
"../../../../../Unreaal Projects/GuardianOfTowers/Content/FirstPerson/Animations/FirstPerson_JumpLoop.uasset" 30
"../../../../../Unreaal Projects/GuardianOfTowers/Content/FirstPerson/Animations/FirstPerson_JumpStart.uasset" 31
"../../../../../Unreaal Projects/GuardianOfTowers/Content/FirstPerson/Animations/FirstPerson_Run.uasset" 32
"../../../Engine/Content/EditorBlueprintResources/StandardMacros.uasset" 33
"../../../../../Unreaal Projects/GuardianOfTowers/Content/FirstPerson/Animations/FirstPerson_AnimBP.uasset" 34
"../../../../../Unreaal Projects/GuardianOfTowers/Content/FirstPerson/Animations/FirstPerson_Fire.uasset" 35
"../../../../../Unreaal Projects/GuardianOfTowers/Content/FirstPerson/Animations/FirstPersonFire_Montage.uasset" 36
"../../../../../Unreaal Projects/GuardianOfTowers/Content/Geometry/Meshes/1M_Cube.uasset" 37
"../../../../../Unreaal Projects/GuardianOfTowers/Content/_Blueprints/GameLogics/FirstPersonProjectile.uasset" 38
"../../../../../Unreaal Projects/GuardianOfTowers/Content/Environment/Materials/PixelIMG.uasset" 39
"../../../../../Unreaal Projects/GuardianOfTowers/Content/Environment/Materials/PixelIMG_Mat.uasset" 40
"../../../../../Unreaal Projects/GuardianOfTowers/Content/Environment/Materials/M_Cube_Inst2.uasset" 41
"../../../../../Unreaal Projects/GuardianOfTowers/Content/Environment/Towers/16765_Mining_Chisel_HammerMat.uasset" 42
"../../../../../Unreaal Projects/GuardianOfTowers/Content/Environment/Towers/Hammer.uasset" 43
"../../../../../Unreaal Projects/GuardianOfTowers/Content/Environment/Weapons/untitled2_mtl_PhysicsAsset.uasset" 44
"../../../../../Unreaal Projects/GuardianOfTowers/Content/Environment/Weapons/untitled2_mtl_Skeleton.uasset" 45
"../../../../../Unreaal Projects/GuardianOfTowers/Content/Environment/Weapons/untitled2_mtl.uasset" 46
"../../../Engine/Content/Functions/Engine_MaterialFunctions02/Utility/BlendAngleCorrectedNormals.uasset" 47
"../../../Engine/Content/Functions/MaterialLayerFunctions/MatLayerBlend_NormalBlend.uasset" 48
"../../../Engine/Content/Functions/MaterialLayerFunctions/MatLayerBlend_Simple.uasset" 49
"../../../../../Unreaal Projects/GuardianOfTowers/Content/FirstPerson/Character/Materials/MaterialLayers/T_ML_Rubber_Blue_01_D.uasset" 50
"../../../../../Unreaal Projects/GuardianOfTowers/Content/FirstPerson/Character/Materials/MaterialLayers/T_ML_Rubber_Blue_01_N.uasset" 51
"../../../../../Unreaal Projects/GuardianOfTowers/Content/FirstPerson/Character/Materials/MaterialLayers/ML_GlossyBlack_Latex_UE4.uasset" 52
"../../../../../Unreaal Projects/GuardianOfTowers/Content/FirstPerson/Character/Materials/MaterialLayers/ML_Plastic_Shiny_Beige.uasset" 53
"../../../../../Unreaal Projects/GuardianOfTowers/Content/FirstPerson/Character/Materials/MaterialLayers/ML_Plastic_Shiny_Beige_LOGO.uasset" 54
"../../../../../Unreaal Projects/GuardianOfTowers/Content/FirstPerson/Character/Materials/MaterialLayers/T_ML_Aluminum01.uasset" 55
"../../../../../Unreaal Projects/GuardianOfTowers/Content/FirstPerson/Character/Materials/MaterialLayers/T_ML_Aluminum01_N.uasset" 56
"../../../../../Unreaal Projects/GuardianOfTowers/Content/FirstPerson/Character/Materials/MaterialLayers/ML_SoftMetal_UE4.uasset" 57
"../../../../../Unreaal Projects/GuardianOfTowers/Content/FirstPerson/Character/Textures/UE4_Mannequin__normals.uasset" 58
"../../../../../Unreaal Projects/GuardianOfTowers/Content/FirstPerson/Character/Textures/UE4_Mannequin_MAT_MASKA.uasset" 59
"../../../../../Unreaal Projects/GuardianOfTowers/Content/FirstPerson/Character/Materials/M_UE4Man_Body.uasset" 60
"../../../../../Unreaal Projects/GuardianOfTowers/Content/FirstPerson/Character/Mesh/SK_Mannequin_Arms_PhysicsAsset.uasset" 61
"../../../../../Unreaal Projects/GuardianOfTowers/Content/FirstPerson/Character/Mesh/SK_Mannequin_Arms.uasset" 62
"../../../../../Unreaal Projects/GuardianOfTowers/Content/FirstPerson/FPWeapon/Materials/MaterialLayers/T_ML_Rubber_Blue_01_D.uasset" 63
"../../../../../Unreaal Projects/GuardianOfTowers/Content/FirstPerson/FPWeapon/Materials/MaterialLayers/T_ML_Rubber_Blue_01_N.uasset" 64
"../../../../../Unreaal Projects/GuardianOfTowers/Content/FirstPerson/FPWeapon/Materials/MaterialLayers/ML_GlossyBlack_Latex_UE4.uasset" 65
"../../../../../Unreaal Projects/GuardianOfTowers/Content/FirstPerson/FPWeapon/Materials/MaterialLayers/ML_Plastic_Shiny_Beige.uasset" 66
"../../../../../Unreaal Projects/GuardianOfTowers/Content/FirstPerson/FPWeapon/Materials/MaterialLayers/ML_Screen.uasset" 67
"../../../../../Unreaal Projects/GuardianOfTowers/Content/FirstPerson/FPWeapon/Materials/MaterialLayers/T_ML_Aluminum01.uasset" 68
"../../../../../Unreaal Projects/GuardianOfTowers/Content/FirstPerson/FPWeapon/Materials/MaterialLayers/T_ML_Aluminum01_N.uasset" 69
"../../../../../Unreaal Projects/GuardianOfTowers/Content/FirstPerson/FPWeapon/Materials/MaterialLayers/ML_SoftMetal_UE4.uasset" 70
"../../../../../Unreaal Projects/GuardianOfTowers/Content/FirstPerson/FPWeapon/Textures/T_FPGun_M.uasset" 71
"../../../../../Unreaal Projects/GuardianOfTowers/Content/FirstPerson/FPWeapon/Textures/T_FPGun_N.uasset" 72
"../../../../../Unreaal Projects/GuardianOfTowers/Content/FirstPerson/FPWeapon/Materials/M_FPGun.uasset" 73
"../../../../../Unreaal Projects/GuardianOfTowers/Content/FirstPerson/FPWeapon/Mesh/SK_FPGun_Skeleton.uasset" 74
"../../../../../Unreaal Projects/GuardianOfTowers/Content/FirstPerson/FPWeapon/Mesh/SK_FPGun.uasset" 75
"../../../../../Unreaal Projects/GuardianOfTowers/Content/Sounds/Gameplay/Pew_Pew.uasset" 76
"../../../../../Unreaal Projects/GuardianOfTowers/Content/Sounds/Gameplay/Pew_Pew_Cue.uasset" 77
"../../../../../Unreaal Projects/GuardianOfTowers/Content/FirstPersonCPP/Blueprints/FirstPersonCharacter.uasset" 78
"../../../../../Unreaal Projects/GuardianOfTowers/Content/Environment/Font/Geo/Geo-Regular.uasset" 79
"../../../../../Unreaal Projects/GuardianOfTowers/Content/Environment/Font/Geo/Geo-Regular_Font.uasset" 80
"../../../../../Unreaal Projects/GuardianOfTowers/Content/Environment/UI_Images/Level2_Loading.uasset" 81
"../../../../../Unreaal Projects/GuardianOfTowers/Content/_Blueprints/Huds/WBP_PlayerDied.uasset" 82
"../../../../../Unreaal Projects/GuardianOfTowers/Content/_Blueprints/Huds/WBP_Repaired.uasset" 83
"../../../../../Unreaal Projects/GuardianOfTowers/Content/_Blueprints/GameLogics/BP_PlayerController.uasset" 84
"../../../../../Unreaal Projects/GuardianOfTowers/Content/_Blueprints/Huds/WBP_LoseWidget.uasset" 85
"../../../Engine/Content/Animation/DefaultAnimCurveCompressionSettings.uasset" 86
"../../../Engine/Content/Functions/Engine_MaterialFunctions01/Opacity/CameraDepthFade.uasset" 87
"../../../Engine/Content/EngineMaterials/WorldGridMaterial.uasset" 88
"../../../Engine/Content/ArtTools/RenderToTexture/Meshes/S_1_Unit_Plane.uasset" 89
"../../../Engine/Content/EngineMaterials/DefaultMaterial.uasset" 90
"../../../Engine/Content/BasicShapes/Cone.uasset" 91
"../../../Engine/Content/BasicShapes/Cylinder.uasset" 92
"../../../Engine/Content/BasicShapes/Plane.uasset" 93
"../../../Engine/Content/BasicShapes/Sphere.uasset" 94
"../../../Engine/Content/EditorLandscapeResources/DataLayer.uasset" 95
"../../../Engine/Content/EditorMaterials/GizmoMaterial.uasset" 96
"../../../Engine/Content/EditorMaterials/MAT_Groups_Toggle.uasset" 97
"../../../Engine/Content/EditorMaterials/MAT_Groups_Visibility.uasset" 98
"../../../Engine/Content/EditorMaterials/PreviewShadowIndicator.uasset" 99
"../../../Engine/Content/EditorMaterials/PreviewShadowIndicatorMaterial.uasset" 100
"../../../Engine/Content/EditorMaterials/MatineeGroups/MAT_ColorTrack.uasset" 101
"../../../Engine/Content/EditorMaterials/MatineeGroups/MAT_Groups_Anim.uasset" 102
"../../../Engine/Content/EditorMaterials/MatineeGroups/MAT_Groups_AudioMaster.uasset" 103
"../../../Engine/Content/EditorMaterials/MatineeGroups/MAT_Groups_Director.uasset" 104
"../../../Engine/Content/EditorMaterials/MatineeGroups/MAT_Groups_Event.uasset" 105
"../../../Engine/Content/EditorMaterials/MatineeGroups/MAT_Groups_Fade.uasset" 106
"../../../Engine/Content/EditorMaterials/MatineeGroups/MAT_Groups_Float.uasset" 107
"../../../Engine/Content/EditorMaterials/MatineeGroups/MAT_Groups_Move.uasset" 108
"../../../Engine/Content/EditorMaterials/MatineeGroups/MAT_Groups_Slomo.uasset" 109
"../../../Engine/Content/EditorMaterials/MatineeGroups/MAT_Groups_Sound.uasset" 110
"../../../Engine/Content/EditorMaterials/MatineeGroups/MAT_Groups_Vector.uasset" 111
"../../../Engine/Content/EditorMaterials/ParticleSystems/PSysThumbnail_NoImage.uasset" 112
"../../../Engine/Content/EditorMaterials/ParticleSystems/PSysThumbnail_OOD.uasset" 113
"../../../Engine/Content/EditorMaterials/Camera/CineMat.uasset" 114
"../../../Engine/Content/EditorMaterials/Camera/MI_CineMat_Rig.uasset" 115
"../../../Engine/Content/EditorMeshes/Camera/SM_CraneRig_Arm.uasset" 116
"../../../Engine/Content/EditorMeshes/Camera/SM_CraneRig_Base.uasset" 117
"../../../Engine/Content/EditorMeshes/Camera/SM_CraneRig_Body.uasset" 118
"../../../Engine/Content/EditorMeshes/Camera/SM_CraneRig_Mount.uasset" 119
"../../../Engine/Content/EditorMeshes/Camera/SM_RailRig_Mount.uasset" 120
"../../../Engine/Content/EditorMeshes/Camera/SM_RailRig_Track.uasset" 121
"../../../Engine/Content/EditorResources/BSPVertex.uasset" 122
"../../../Engine/Content/EditorResources/EmptyActor.uasset" 123
"../../../Engine/Content/EditorResources/S_Actor.uasset" 124
"../../../Engine/Content/EditorResources/S_Note.uasset" 125
"../../../Engine/Content/EditorResources/S_Trigger.uasset" 126
"../../../Engine/Content/EditorResources/AudioIcons/S_AudioComponent_AutoActivate.uasset" 127
"../../../Engine/Content/EditorResources/LightIcons/S_LightError.uasset" 128
"../../../Engine/Content/EditorResources/SequenceRecorder/Countdown.uasset" 129
"../../../Engine/Content/EditorResources/SequenceRecorder/RecordingIndicator.uasset" 130
"../../../Engine/Content/EditorSounds/Notifications/CompileFailed.uasset" 131
"../../../Engine/Content/EditorSounds/Notifications/CompileFailed_Cue.uasset" 132
"../../../Engine/Content/EditorSounds/Notifications/CompileSuccess.uasset" 133
"../../../Engine/Content/EditorSounds/Notifications/CompileStart_Cue.uasset" 134
"../../../Engine/Content/EditorSounds/Notifications/CompileSuccess_Cue.uasset" 135
"../../../Engine/Content/EngineDamageTypes/DmgTypeBP_Environmental.uasset" 136
"../../../Engine/Content/EngineDebugMaterials/HeatmapGradient.uasset" 137
"../../../Engine/Content/EngineDebugMaterials/BoneWeightMaterial.uasset" 138
"../../../Engine/Content/EngineDebugMaterials/ClothMaterial.uasset" 139
"../../../Engine/Content/EngineDebugMaterials/ClothMaterial_WF.uasset" 140
"../../../Engine/Content/EngineDebugMaterials/DebugEditorMaterial.uasset" 141
"../../../Engine/Content/EngineDebugMaterials/DebugMeshMaterial.uasset" 142
"../../../Engine/Content/EngineDebugMaterials/GeomMaterial.uasset" 143
"../../../Engine/Content/EngineDebugMaterials/M_SimpleTranslucent.uasset" 144
"../../../Engine/Content/EngineFonts/Faces/RobotoBold.uasset" 145
"../../../Engine/Content/EngineFonts/Faces/RobotoBoldItalic.uasset" 146
"../../../Engine/Content/EngineFonts/Faces/RobotoItalic.uasset" 147
"../../../Engine/Content/EngineFonts/Faces/RobotoLight.uasset" 148
"../../../Engine/Content/EngineFonts/Faces/RobotoRegular.uasset" 149
"../../../Engine/Content/EngineFonts/Roboto.uasset" 150
"../../../Engine/Content/EngineFonts/Faces/RobotoTiny.uasset" 151
"../../../Engine/Content/EngineFonts/RobotoTiny.uasset" 152
"../../../Engine/Content/EngineMaterials/BaseFlattenDiffuseMap.uasset" 153
"../../../Engine/Content/EngineMaterials/BaseFlattenEmissiveMap.uasset" 154
"../../../Engine/Content/EngineMaterials/BaseFlattenGrayscaleMap.uasset" 155
"../../../Engine/Content/EngineMaterials/BaseFlattenNormalMap.uasset" 156
"../../../Engine/Content/EngineMaterials/BaseFlattenMaterial.uasset" 157
"../../../Engine/Content/EngineMaterials/DefaultBloomKernel.uasset" 158
"../../../Engine/Content/EngineMaterials/DefaultBokeh.uasset" 159
"../../../Engine/Content/EngineMaterials/DefaultDiffuse.uasset" 160
"../../../Engine/Content/EngineMaterials/DefaultDeferredDecalMaterial.uasset" 161
"../../../Engine/Content/EngineMaterials/DefaultLightFunctionMaterial.uasset" 162
"../../../Engine/Content/EngineMaterials/DefaultPhysicalMaterial.uasset" 163
"../../../Engine/Content/Functions/Engine_MaterialFunctions02/Utility/BreakOutFloat2Components.uasset" 164
"../../../Engine/Content/EngineMaterials/DefaultPostProcessMaterial.uasset" 165
"../../../Engine/Content/EngineFonts/RobotoDistanceField.uasset" 166
"../../../Engine/Content/EngineMaterials/DefaultTextMaterialOpaque.uasset" 167
"../../../Engine/Content/EngineMaterials/DefaultWhiteGrid.uasset" 168
"../../../Engine/Content/EngineMaterials/EditorBrushMaterial.uasset" 169
"../../../Engine/Content/EngineMaterials/Good64x64TilingNoiseHighFreq.uasset" 170
"../../../Engine/Content/EngineMaterials/MiniFont.uasset" 171
"../../../Engine/Content/EngineMaterials/InvalidLightmapSettings.uasset" 172
"../../../Engine/Content/EngineMaterials/M_InvalidLightmapSettings.uasset" 173
"../../../Engine/Content/Functions/Engine_MaterialFunctions02/WorldPositionOffset/CameraOffset.uasset" 174
"../../../Engine/Content/EngineMaterials/PhAT_JointLimitMaterial.uasset" 175
"../../../Engine/Content/EngineMaterials/PreintegratedSkinBRDF.uasset" 176
"../../../Engine/Content/EngineMaterials/RemoveSurfaceMaterial.uasset" 177
"../../../Engine/Content/EngineMaterials/WeightMapPlaceholderTexture.uasset" 178
"../../../Engine/Content/EngineResources/WhiteSquareTexture.uasset" 179
"../../../Engine/Content/EngineMaterials/Widget3DPassThrough.uasset" 180
"../../../Engine/Content/EngineMaterials/Widget3DPassThrough_Masked.uasset" 181
"../../../Engine/Content/EngineMaterials/Widget3DPassThrough_Opaque.uasset" 182
"../../../Engine/Content/EngineMaterials/Widget3DPassThrough_Masked_OneSided.uasset" 183
"../../../Engine/Content/EngineMaterials/Widget3DPassThrough_Opaque_OneSided.uasset" 184
"../../../Engine/Content/EngineMaterials/Widget3DPassThrough_Translucent.uasset" 185
"../../../Engine/Content/EngineMaterials/Widget3DPassThrough_Translucent_OneSided.uasset" 186
"../../../Engine/Content/EngineMeshes/Cylinder.uasset" 187
"../../../Engine/Content/EngineMeshes/Sphere.uasset" 188
"../../../Engine/Content/EngineResources/Black.uasset" 189
"../../../Engine/Content/EngineResources/DefaultTexture.uasset" 190
"../../../Engine/Content/EngineResources/DefaultTextureCube.uasset" 191
"../../../Engine/Content/EngineResources/DefaultVolumeTexture2D.uasset" 192
"../../../Engine/Content/EngineResources/DefaultVolumeTexture.uasset" 193
"../../../Engine/Content/EngineResources/GradientTexture0.uasset" 194
"../../../Engine/Content/EngineSounds/Master.uasset" 195
"../../../Engine/Content/Functions/Engine_MaterialFunctions01/Shading/ConvertFromDiffSpec.uasset" 196
"../../../Engine/Content/Functions/Engine_MaterialFunctions01/Shading/PowerToRoughness.uasset" 197
"../../../Engine/Content/Maps/Templates/Thumbnails/Default.uasset" 198
"../../../Engine/Content/Maps/Templates/Thumbnails/VR-Basic.uasset" 199
"../../../Engine/Content/MobileResources/T_MobileControls_texture.uasset" 200
"../../../Engine/Content/MobileResources/T_MobileMenu2.uasset" 201
"../../../Engine/Content/MobileResources/HUD/AnalogHat.uasset" 202
"../../../Engine/Content/MobileResources/HUD/VirtualJoystick_Background.uasset" 203
"../../../Engine/Content/MobileResources/HUD/VirtualJoystick_Thumb.uasset" 204
"../../../Engine/Content/MobileResources/HUD/DefaultVirtualJoysticks.uasset" 205
"../../../Engine/Content/MobileResources/HUD/LeftVirtualJoystickOnly.uasset" 206
"../../../Engine/Content/MobileResources/HUD/MobileHUDButton1_off.uasset" 207
"../../../Engine/Content/MobileResources/HUD/MobileHUDButton1_on.uasset" 208
"../../../Engine/Content/MobileResources/HUD/MobileHUDButton2_off.uasset" 209
"../../../Engine/Content/MobileResources/HUD/MobileHUDButton2_on.uasset" 210
"../../../Engine/Content/MobileResources/HUD/MobileHUDButton3.uasset" 211
"../../../Engine/Content/MobileResources/HUD/MobileHUDButtonFire.uasset" 212
"../../../Engine/Content/MobileResources/HUD/MobileHUDDirectionPad.uasset" 213
"../../../Engine/Content/MobileResources/HUD/MobileHUDDirectionPad2.uasset" 214
"../../../Engine/Content/MobileResources/HUD/MobileHUDDirectionPad3.uasset" 215
"../../../Engine/Content/MobileResources/HUD/MobileHUDDirectionStick.uasset" 216
"../../../Engine/Content/MobileResources/HUD/T_Castle_ThumbstickInner.uasset" 217
"../../../Engine/Content/MobileResources/HUD/T_Castle_ThumbstickOutter.uasset" 218
"../../../Engine/Content/Tutorial/ContentIntroCurve.uasset" 219
"../../../Engine/Content/Tutorial/Basics/LevelEditorAttract.uasset" 220
"../../../Engine/Content/Tutorial/Basics/TutorialAssets/icon_tab_Levels_40x.uasset" 221
"../../../Engine/Content/Tutorial/Basics/LevelEditorOverview.uasset" 222
"../../../Engine/Content/Tutorial/BlueprintTutorials/TutorialAssets/Blueprint_64x.uasset" 223
"../../../Engine/Content/Tutorial/BlueprintTutorials/BlueprintEditorTutorial.uasset" 224
"../../../Engine/Content/Tutorial/Code/AddingCode.uasset" 225
"../../../Engine/Content/Tutorial/Mobile/TutorialAssets/android_Icon.uasset" 226
"../../../Engine/Content/Tutorial/Mobile/SettingUpAndroidTutorial.uasset" 227
"../../../Engine/Content/Tutorial/SubEditors/TutorialAssets/icon_ShowSkeletalMeshes_40x.uasset" 228
"../../../Engine/Content/Tutorial/SubEditors/PersonaAnimBlueprintEditorWalkthrough.uasset" 229
"../../../Engine/Content/Tutorial/SubEditors/PersonaAnimEditorWalkthrough.uasset" 230
"../../../Engine/Content/Tutorial/SubEditors/PersonaWalkthrough.uasset" 231
"../../../Engine/Content/Tutorial/SubEditors/SkeletalMeshEditorWalkthrough.uasset" 232
"../../../Engine/Content/Tutorial/SubEditors/SkeletonModeWalkthrough.uasset" 233
"../../../Engine/Content/VREditor/LaserPointer/VR_LaserPower_01.uasset" 234
"../../../Engine/Content/VREditor/TransformGizmo/TransformGizmoMaterial.uasset" 235
"../../../Engine/Content/VREditor/TransformGizmo/TranslucentTransformGizmoMaterial.uasset" 236
"../../../Engine/Content/VREditor/TransformGizmo/BoundingBoxCorner.uasset" 237
"../../../Engine/Content/VREditor/TransformGizmo/BoundingBoxEdge.uasset" 238
"../../../Engine/Content/VREditor/TransformGizmo/PlaneTranslationHandle.uasset" 239
"../../../Engine/Content/VREditor/TransformGizmo/Main.uasset" 240
"../../../Engine/Content/VREditor/TransformGizmo/Xray.uasset" 241
"../../../Engine/Content/VREditor/TransformGizmo/SM_Sequencer_Key.uasset" 242
"../../../Engine/Content/VREditor/TransformGizmo/SM_Sequencer_Node.uasset" 243
"../../Plugins/2D/Paper2D/Content/PlaceholderTextures/DummySpriteTexture.uasset" 244
"../../Plugins/2D/Paper2D/Content/DummySprite.uasset" 245
"../../Plugins/2D/Paper2D/Content/DefaultPaperTerrainMaterial.uasset" 246
"../../Plugins/2D/Paper2D/Content/DummySpriteTexture.uasset" 247
"../../Plugins/2D/Paper2D/Content/DefaultSpriteMaterial.uasset" 248
"../../Plugins/2D/Paper2D/Content/MaskedUnlitSpriteMaterial.uasset" 249
"../../Plugins/2D/Paper2D/Content/OpaqueUnlitSpriteMaterial.uasset" 250
"../../Plugins/Runtime/Oculus/OculusVR/Content/OculusMR_RenderTarget.uasset" 251
"../../../Engine/Content/Functions/Engine_MaterialFunctions02/Utility/BreakOutFloat4Components.uasset" 252
"../../../Engine/Content/Functions/Engine_MaterialFunctions02/Utility/MakeFloat2.uasset" 253
"../../../Engine/Content/Functions/Engine_MaterialFunctions02/Utility/MakeFloat3.uasset" 254
"../../Plugins/Runtime/Oculus/OculusVR/Content/Materials/OculusMR_ChromaKey.uasset" 255
"../../Plugins/Runtime/Oculus/OculusVR/Content/Materials/OculusMR_ChromaKey_Lit.uasset" 256
"../../Plugins/Runtime/Oculus/OculusVR/Content/Materials/OculusMR_OpaqueColoredMaterial.uasset" 257
"../../Plugins/Runtime/Oculus/OculusVR/Content/Materials/OculusMR_WhiteMaterial.uasset" 258
"../../Plugins/Runtime/Oculus/OculusVR/Content/Materials/PokeAHoleMaterial.uasset" 259
"../../Plugins/Runtime/Oculus/OculusVR/Content/Textures/GearVRController_AO.uasset" 260
"../../Plugins/Runtime/Oculus/OculusVR/Content/Textures/GearVRController_Color.uasset" 261
"../../Plugins/Runtime/Oculus/OculusVR/Content/Textures/GearVRController_Normal.uasset" 262
"../../Plugins/Runtime/Oculus/OculusVR/Content/Materials/GearVRControllerMaterial.uasset" 263
"../../Plugins/Runtime/Oculus/OculusVR/Content/Meshes/GearVrController.uasset" 264
"../../Plugins/Runtime/Oculus/OculusVR/Content/Textures/touchController_albedo.uasset" 265
"../../Plugins/Runtime/Oculus/OculusVR/Content/Textures/touchController_controlmap.uasset" 266
"../../Plugins/Runtime/Oculus/OculusVR/Content/Materials/touchController_mat.uasset" 267
"../../Plugins/Runtime/Oculus/OculusVR/Content/Meshes/LeftTouchController.uasset" 268
"../../Plugins/Runtime/Oculus/OculusVR/Content/Meshes/RiftHMD.uasset" 269
"../../Plugins/Runtime/Oculus/OculusVR/Content/Meshes/RightTouchController.uasset" 270
"../../../../../Unreaal Projects/GuardianOfTowers/Content/_Blueprints/GameLogics/FirstPersonProjectileBots.uasset" 271
"../../../../../Unreaal Projects/GuardianOfTowers/Content/Environment/Enemy/EnemyCube/cube_model1/untitled1.uasset" 272
"../../../../../Unreaal Projects/GuardianOfTowers/Content/Environment/Enemy/EnemyCube/cube_model1/palette.uasset" 273
"../../../Engine/Content/Tutorial/SubEditors/TutorialAssets/T_SmokeSubUV_8X8.uasset" 274
"../../../Engine/Content/Tutorial/SubEditors/TutorialAssets/T_soft_smoke.uasset" 275
"../../../Engine/Content/Tutorial/SubEditors/TutorialAssets/M_smoke_subUV_blackbody.uasset" 276
"../../../Engine/Content/Tutorial/SubEditors/TutorialAssets/TutorialParticleSystem.uasset" 277
"../../../../../Unreaal Projects/GuardianOfTowers/Content/Environment/Enemy/EnemyCube/cube_model1/EnemyCube.uasset" 278
"../../../../../Unreaal Projects/GuardianOfTowers/Content/_Blueprints/GameLogics/TrackerBotIntellegent.uasset" 279
"../../../Engine/Content/EngineSky/C_Sky_Cloud_Color.uasset" 280
"../../../Engine/Content/EngineSky/C_Sky_Horizon_Color.uasset" 281
"../../../Engine/Content/EngineSky/C_Sky_Zenith_Color.uasset" 282
"../../../Engine/Content/EngineSky/T_Sky_Blue.uasset" 283
"../../../Engine/Content/EngineSky/T_Sky_Clouds_M.uasset" 284
"../../../Engine/Content/EngineSky/T_Sky_Stars.uasset" 285
"../../../Engine/Content/EngineSky/M_Sky_Panning_Clouds2.uasset" 286
"../../../Engine/Content/EngineSky/SM_SkySphere.uasset" 287
"../../../Engine/Content/EngineSky/BP_Sky_Sphere.uasset" 288
"../../../../../Unreaal Projects/GuardianOfTowers/Content/_Blueprints/GameLogics/BP_Gun.uasset" 289
"../../../../../Unreaal Projects/GuardianOfTowers/Content/Environment/Towers/BrokenCastel2/BrokenCastel3.uasset" 290
"../../../../../Unreaal Projects/GuardianOfTowers/Content/Environment/Towers/BrokenCastel2/palette_castle.uasset" 291
"../../../../../Unreaal Projects/GuardianOfTowers/Content/_Blueprints/Huds/WBP_LevelEndCondiiton.uasset" 292
"../../../../../Unreaal Projects/GuardianOfTowers/Content/Environment/Towers/BrokenCastel2/BrokenCastel2.uasset" 293
"../../../../../Unreaal Projects/GuardianOfTowers/Content/Environment/Towers/NewDisgnCastle/defaultMat.uasset" 294
"../../../../../Unreaal Projects/GuardianOfTowers/Content/Environment/Towers/NewDisgnCastle/NewDisgnCastle.uasset" 295
"../../../../../Unreaal Projects/GuardianOfTowers/Content/_Blueprints/GameLogics/LevelEndCondition.uasset" 296
"../../../../../Unreaal Projects/GuardianOfTowers/Content/FirstPersonCPP/Maps/FirstPersonExampleMap_BuiltData.uasset" 297
"../../../../../Unreaal Projects/GuardianOfTowers/Content/Environment/Materials/MF_WorldUVs.uasset" 298
"../../../Engine/Content/VREditor/BasicMeshes/T_CleanFloorGrunge_01_D.uasset" 299
"../../../../../Unreaal Projects/GuardianOfTowers/Content/Environment/Materials/M_BlockoutSimple.uasset" 300
"../../../../../Unreaal Projects/GuardianOfTowers/Content/Environment/Materials/M_Cube_Inst1.uasset" 301
"../../../../../Unreaal Projects/GuardianOfTowers/Content/Environment/Materials/M_Blockout.uasset" 302
"../../../../../Unreaal Projects/GuardianOfTowers/Content/Environment/Materials/MI_BlockoutBasic.uasset" 303
"../../../../../Unreaal Projects/GuardianOfTowers/Content/Environment/Materials/MI_BlockoutBasic_Inst.uasset" 304
"../../../Engine/Content/BasicShapes/Cube.uasset" 305
"../../../../../Unreaal Projects/GuardianOfTowers/Content/FirstPersonCPP/Maps/FirstPersonExampleMap.umap" 306
"../../../../../Unreaal Projects/GuardianOfTowers/Content/_Blueprints/Huds/AmmoLeft.uasset" 307
"../../../../../Unreaal Projects/GuardianOfTowers/Content/_Blueprints/Huds/WBP_LevelTimer.uasset" 308
"../../../../../Unreaal Projects/GuardianOfTowers/Content/Environment/UI_Images/LifeImage.uasset" 309
"../../../../../Unreaal Projects/GuardianOfTowers/Content/_Blueprints/Huds/WBP_LifeBar.uasset" 310
"../../../../../Unreaal Projects/GuardianOfTowers/Content/_Blueprints/GameLogics/BP_GuardianOfTowersHUD.uasset" 311
"../../../../../Unreaal Projects/GuardianOfTowers/Content/_Blueprints/GameLogics/BP_GuardianOfTowersGameMode.uasset" 312
"../../../../../Unreaal Projects/GuardianOfTowers/Content/_Blueprints/GameLogics/Menu/Camera1.uasset" 313
"../../../../../Unreaal Projects/GuardianOfTowers/Content/_Blueprints/GameLogics/BP_PCMenu.uasset" 314
"../../../../../Unreaal Projects/GuardianOfTowers/Content/_Blueprints/GameLogics/BP_ChildrenGM.uasset" 315
"../../../../../Unreaal Projects/GuardianOfTowers/Content/_Blueprints/GameLogics/Menu/Camera2.uasset" 316
"../../../../../Unreaal Projects/GuardianOfTowers/Content/_Blueprints/GameLogics/Menu/Camera3.uasset" 317
"../../../../../Unreaal Projects/GuardianOfTowers/Content/_Blueprints/Huds/Menu/WBP_Credit.uasset" 318
"../../../../../Unreaal Projects/GuardianOfTowers/Content/_Blueprints/GameLogics/Menu/CreditMenu.uasset" 319
"../../../../../Unreaal Projects/GuardianOfTowers/Content/_Blueprints/Huds/Menu/WBP_Levels.uasset" 320
"../../../../../Unreaal Projects/GuardianOfTowers/Content/_Blueprints/GameLogics/Menu/LevelsWidget.uasset" 321
"../../../../../Unreaal Projects/GuardianOfTowers/Content/_Blueprints/Huds/Menu/WBP_MainMenu.uasset" 322
"../../../../../Unreaal Projects/GuardianOfTowers/Content/_Blueprints/GameLogics/Menu/MenuWidget.uasset" 323
"../../../../../Unreaal Projects/GuardianOfTowers/Content/Environment/Materials/M_Cube_Inst_Inst.uasset" 324
"../../../../../Unreaal Projects/GuardianOfTowers/Content/Sounds/GamePlayMusic.uasset" 325
"../../../../../Unreaal Projects/GuardianOfTowers/Content/Sounds/GamePlayMusic_Cue.uasset" 326
"../../../../../Unreaal Projects/GuardianOfTowers/Content/Levels/Level0.umap" 327
"../../../../../Unreaal Projects/GuardianOfTowers/Content/Levels/Level1_BuiltData.uasset" 328
"../../../../../Unreaal Projects/GuardianOfTowers/Content/Environment/Materials/NewMaterials/Navy-Plaid.uasset" 329
"../../../../../Unreaal Projects/GuardianOfTowers/Content/Environment/Materials/NewMaterials/FinalStage_Mat.uasset" 330
"../../../../../Unreaal Projects/GuardianOfTowers/Content/Environment/Materials/NewMaterials/test1.uasset" 331
"../../../../../Unreaal Projects/GuardianOfTowers/Content/Environment/Materials/NewMaterials/GunTable_Mat.uasset" 332
"../../../../../Unreaal Projects/GuardianOfTowers/Content/Environment/Materials/NewMaterials/ribbons-gray.uasset" 333
"../../../../../Unreaal Projects/GuardianOfTowers/Content/Environment/Materials/NewMaterials/RopedCube_Mat.uasset" 334
"../../../../../Unreaal Projects/GuardianOfTowers/Content/_Blueprints/Huds/LoadingLevels/Level2Loading.uasset" 335
"../../../../../Unreaal Projects/GuardianOfTowers/Content/Sounds/Hammer_hitting_tapping_metal_fast.uasset" 336
"../../../../../Unreaal Projects/GuardianOfTowers/Content/Sounds/HammerAttenuation.uasset" 337
"../../../../../Unreaal Projects/GuardianOfTowers/Content/Sounds/Hammer_hitting_tapping_metal_fast_Cue.uasset" 338
"../../../../../Unreaal Projects/GuardianOfTowers/Content/Levels/Level1.umap" 339
"../../../../../Unreaal Projects/GuardianOfTowers/Content/_Blueprints/GameLogics/MovingDron.uasset" 340
"../../../../../Unreaal Projects/GuardianOfTowers/Content/Levels/Level2_BuiltData.uasset" 341
"../../../../../Unreaal Projects/GuardianOfTowers/Content/Levels/Level2.umap" 342
"../../../../../Unreaal Projects/GuardianOfTowers/Content/Environment/Materials/RedPixelImage.uasset" 343
"../../../../../Unreaal Projects/GuardianOfTowers/Content/Environment/Materials/RedPixelImage_Mat.uasset" 344
"../../../../../Unreaal Projects/GuardianOfTowers/Content/Environment/Enemy/EnemySphere/sphere1/Sphere1.uasset" 345
"../../../../../Unreaal Projects/GuardianOfTowers/Content/_Blueprints/GameLogics/BP_STrackerBot.uasset" 346
"../../../../../Unreaal Projects/GuardianOfTowers/Content/Levels/Level3_BuiltData.uasset" 347
"../../../../../Unreaal Projects/GuardianOfTowers/Content/Levels/Level3.umap" 348
"../../../../../Unreaal Projects/GuardianOfTowers/Content/Levels/Level4_BuiltData.uasset" 349
"../../../../../Unreaal Projects/GuardianOfTowers/Content/Levels/Level4.umap" 350
"../../../../../Unreaal Projects/GuardianOfTowers/Content/Levels/Level5_BuiltData.uasset" 351
"../../../Engine/Content/BasicShapes/BasicShapeMaterial.uasset" 352
"../../../../../Unreaal Projects/GuardianOfTowers/Content/Levels/Level5.umap" 353
"../../../../../Unreaal Projects/GuardianOfTowers/Content/Levels/Level6_BuiltData.uasset" 354
"../../../../../Unreaal Projects/GuardianOfTowers/Content/Environment/Materials/NewMaterials/pixel.uasset" 355
"../../../../../Unreaal Projects/GuardianOfTowers/Content/Environment/Materials/NewMaterials/pixel_Mat.uasset" 356
"../../../../../Unreaal Projects/GuardianOfTowers/Content/Levels/Level6.umap" 357
"../../../Engine/Content/Maps/Entry_BuiltData.uasset" 358
"../../../Engine/Content/Maps/Entry.umap" 359
